app/build/intermediates/manifest_merge_blame_file/debug/manifest-merger-blame-debug-report.txt
1<?xml version="1.0" encoding="utf-8"?>
2<manifest xmlns:android="http://schemas.android.com/apk/res/android"
3    package="com.openglesbook.simpletexture2d"
4    android:versionCode="1"
5    android:versionName="1.0" >
6
7    <uses-sdk
7-->src\main\AndroidManifest.xml:7:5-47
8        android:minSdkVersion="18"
8-->src\main\AndroidManifest.xml:7:5-47
9        android:targetSdkVersion="18" />
9-->src\main\AndroidManifest.xml:7:15-44
10
11    <!-- Tell the system this application requires OpenGL ES 3.0. -->
12    <uses-feature
12-->src\main\AndroidManifest.xml:10:2-75
13        android:glEsVersion="0x00030000"
13-->src\main\AndroidManifest.xml:10:16-48
14        android:required="true" />
14-->src\main\AndroidManifest.xml:10:49-72
15
16    <application
16-->src\main\AndroidManifest.xml:12:5-24:19
17        android:allowBackup="false"
17-->src\main\AndroidManifest.xml:14:18-45
18        android:debuggable="true"
19        android:icon="@drawable/icon"
19-->src\main\AndroidManifest.xml:12:18-47
20        android:label="@string/app_name"
20-->src\main\AndroidManifest.xml:13:18-50
21        android:testOnly="true" >
22        <activity
22-->src\main\AndroidManifest.xml:16:9-22:20
23            android:name="com.openglesbook.simpletexture2d.SimpleTexture2D"
23-->src\main\AndroidManifest.xml:16:19-50
24            android:label="@string/app_name" >
24-->src\main\AndroidManifest.xml:17:19-51
25            <intent-filter>
25-->src\main\AndroidManifest.xml:18:13-21:29
26                <action android:name="android.intent.action.MAIN" />
26-->src\main\AndroidManifest.xml:19:17-69
26-->src\main\AndroidManifest.xml:19:25-66
27
28                <category android:name="android.intent.category.LAUNCHER" />
28-->src\main\AndroidManifest.xml:20:17-77
28-->src\main\AndroidManifest.xml:20:27-74
29            </intent-filter>
30        </activity>
31    </application>
32
33</manifest>